Frontend-Node:  ======================
                Mesher selection: FPBA
                ======================

>>>>>>>>>>>>>>>>>>>>>>>>>>>>>>>>
2024 Dec 03 (Tue):  13:14:30
started: parallelization control
>>>>>>>>>>>>>>>>>>>>>>>>>>>>>>>>

======================================================
 - pinning rule in use   : PINNING_RULE_MCALC_SKIP_ALL
 - desired group         : 0, sockets = 0
 - num cores available   : 12
 - num accessible procs          : 12
 - num logical procs             : 12
 - affinity (main thread)        : 111111111111
 - sockets                       : 0
 - potential cores               : 0,2,4,6,8,10
 - affinity                      : 101010101010
 - core list                  (3): 0,2,4,6,8,10
 - active cores          : 0,2,4,6,8,10
 - hyperthreading        : on
 - allowed core ids      : 0,2,4,6,8,10
 - allowed core ids (aff): 101010 101010 
 - used mask (string)    : 101010 101010 
======================================================

=========================================================================
Version: 2023.5 Release from 2023-06-08 (change 1121531) [Release]
Workflow: QQ-Facets
Operation: [acis, fpba, bg]
Architecture: Windows, ID: AMD64
System Windows-64bit
Using processor group 0/1
Matrix calculation information:
# of Nodes: 0
Concurrency: 0
Start ID: 0
Node ID: 0
HEX Mesh information:
Hex mesh: global: [hxr o(0 | 0 | 0) s(19 | 19 | 39) np (no TSTs): 14079] 
=========================================================================

>>>>>>>>>>>>>>>>>>>>>>>>>>>>>
2024 Dec 03 (Tue):  13:14:30
started: processing CAD model
>>>>>>>>>>>>>>>>>>>>>>>>>>>>>

========================================================================
Processing CAD model (for field results)
	[Improved internal geometry representation]
	[Accuracy improvement for long shapes in inhomogeneous mesh regions]
Version 2023.5 (build 20230608)
PBA version 2009023010
Sub-Workflow: Facets-QQ-GEX
Workflow updated: -
2024 Dec 03 (Tue):  13:14:30
========================================================================

===========================================
Finished CAD processing (for field results)
===========================================

<<<<<<<<<<<<<<<<<<<<<<<<<<<<<<<<<<<<<<<<<<
2024 Dec 03 (Tue):  13:14:31
Resource usage for processing CAD model:
	Runtime                 00:00:00.00182
	Peak Memory Usage:               16 MB
<<<<<<<<<<<<<<<<<<<<<<<<<<<<<<<<<<<<<<<<<<

>>>>>>>>>>>>>>>>>>>>>>>>>>>>>
2024 Dec 03 (Tue):  13:14:31
started: processing CAD model
>>>>>>>>>>>>>>>>>>>>>>>>>>>>>

========================================================================
Processing CAD model
	[Improved internal geometry representation]
	[Accuracy improvement for long shapes in inhomogeneous mesh regions]
Version 2023.5 (build 20230608)
PBA version 2009023010
Sub-Workflow: Facets-QQ-GEX
Workflow updated: -
2024 Dec 03 (Tue):  13:14:31
========================================================================

----------------------------------------------
Used point accuracy enhancement value: 75.00%.
----------------------------------------------

=============================================================================
Mesh statistics:
-----------------------------------------------------------------------------
Minimum edge length (x): 0.505 @ mesh line 0 (x)
Maximum edge length (x): 7.74 @ mesh line 17 (x)
Minimum face area (x): 0.379 @ mesh lines 0 | 1 (y | z)
Maximum face area (x): 59.9 @ mesh lines 17 | 37 (y | z)
Minimum edge length (y): 0.505 @ mesh line 0 (y)
Maximum edge length (y): 7.74 @ mesh line 17 (y)
Minimum face area (y): 0.379 @ mesh lines 1 | 0 (z | x)
Maximum face area (y): 59.9 @ mesh lines 37 | 17 (z | x)
Minimum edge length (z): 0.75 @ mesh line 1 (z)
Maximum edge length (z): 7.74 @ mesh line 37 (z)
Minimum face area (z): 0.255 @ mesh lines 0 | 0 (x | y)
Maximum face area (z): 59.9 @ mesh lines 17 | 17 (x | y)
Maximum mesh face aspect ratio (x): 15.3 : 1.0  @ mesh lines 0 | 37 (y | z)
Maximum mesh face aspect ratio (y): 15.3 : 1.0  @ mesh lines 37 | 0 (z | x)
Maximum mesh face aspect ratio (z): 15.3 : 1.0  @ mesh lines 17 | 0 (x | y)
=============================================================================

==============================================================================
Available resources to store TST cells: 2147469568 (15252997.85% of mesh size)
==============================================================================

************************************************************************************************
General settings
	PBA version: legacy
------------------------------------------------------------------------------------------------
Geometry processor: legacy
	Geo accuracy: 75.000000
	Watertightness check: true
	Self intersection check: false
	Inheritance (all): false
	Normal dominance (all): false
	Normal dominance (ports): false
	Flanges hollow: true
	One shape per flange: false
	Multi threading: false
		max # of threads used: 1
		requested max # of threads: 1
		representation: ppm
		method: single thread
		retry: no
------------------------------------------------------------------------------------------------
Connectivity settings
	Workflow selection: 0
	Workflow version: 20170101
	Gap detection: false
	Gap detection version: 1
	TST version: 1
	QQ workflow: true
	CoCo workflow: true
	Legacy topology: false
	Connectivity check: false
------------------------------------------------------------------------------------------------
************************************************************************************************

------------------------------------------------------------------------------------------------
Geometry processing log
	PEC background is represented by CAD geometry: false
	Background shape: 0
	Number of CAD shapes: 1
	Number of lumps: 1
------------------------------------------------------------------------------------------------
=========================================
== CST Matrix Calculation Priority Log ==
=========================================
Priorities are sorted in ascending order beginning with the lowest priority
 
Group | Shape-ID | ShapeName | Material | User-priority | 2D/3D-Geometry | Material-attributes | Shape-attributes | Feature-ID | Schemetype
1 | 5 | </cst/Boundaries/> Low^X_Sym | $NFSMaterial$ | n/a | no | normal.vacuum. | boundary. | n/a | FIT_TD
1 | 6 | </cst/Boundaries/> Low^Y_Sym | $NFSMaterial$ | n/a | no | normal.vacuum. | boundary. | n/a | FIT_TD
1 | 7 | </cst/Boundaries/> Low^Z_Sym | $NFSMaterial$ | n/a | no | normal.vacuum. | boundary. | n/a | FIT_TD
1 | 8 | </cst/Boundaries/> Up^X | $NFSMaterial$ | n/a | no | normal.vacuum. | boundary. | n/a | FIT_TD
1 | 9 | </cst/Boundaries/> Up^Y | $NFSMaterial$ | n/a | no | normal.vacuum. | boundary. | n/a | FIT_TD
1 | 10 | </cst/Boundaries/> Up^Z | $NFSMaterial$ | n/a | no | normal.vacuum. | boundary. | n/a | FIT_TD
2 | 3 | </cst/Ports/> 1^t0 | PEC | n/a | no | pec. | edge-element.wire. | n/a | FIT_TD
2 | 4 | </cst/Ports/> 1^t1 | PEC | n/a | no | pec. | edge-element.wire. | n/a | FIT_TD
3 | 1 | PEC:Driven Element | PEC | n/a | yes | pec. | outside-mesh.solid. | n/a | FIT_TD
3 | 2 | PEC:Driven Element (Lump 2) | PEC | n/a | yes | pec. | solid. | n/a | FIT_TD
=========================================
=======================
Finished CAD processing
=======================

<<<<<<<<<<<<<<<<<<<<<<<<<<<<<<<<<<<<<<<<<<
2024 Dec 03 (Tue):  13:14:31
Resource usage for processing CAD model:
	Runtime                 00:00:00.00250
	Peak Memory Usage:               16 MB
<<<<<<<<<<<<<<<<<<<<<<<<<<<<<<<<<<<<<<<<<<

------------------------------------------------------------
Parallelization Info
------------------------------------------------------------
Hyperthreading active: true
Hyperthreading used: false
Number of concurrent threads: 1
Number of node domains: 1
Domains-to-threads scaling: 2
Average FI domain size: 1e+04
Nice mode: true
Delayed matrix calculation start: false
Load balancing: Version 20090403
Number of mesh fill domains: 1
Memory downscale: 1
CPU load: 16.67%
Emptiness: 0.00%
Hex mesh complexity: 0.01231
Geometric complexity: 0.01544
lower size limit of domain (1D): 60
------------------------------------------------------------
Node order
0
------------------------------------------------------------

-----------------------------------------------------------------
Matrix calculation job submit section 0
Currently running jobs: 0
Waiting jobs: 1
Concurrency for section: 1/1
Matrix calculation node 0
	Mesh coverage: 1231200.00 %
	Estimated peak memory usage per node: 3 MB, tightness: 0.01 %
	Processor group: 0
Node distribution on 1 processor group: 1
-----------------------------------------------------------------

===========================================
Data rearrangement statistics:
Disk IO directories:	00:00:00.0000
Disk IO node domain files:	00:00:00.0026
Disk IO FI domain files:	00:00:00.0000
Disk IO meta information:	00:00:00.0001
Sequential merge (TST):	00:00:00.0022
===========================================

1xN000:  ============================================================================
         [Boundaries] - MCalc
         magnetic, open-add-space, magnetic, open-add-space, electric, open-add-space
         ============================================================================

1xN000:  ========================================
         [Mesh] Matrix calculation - NO ACIS mode
         [Mesh] 1xN MPI or parallelization mode
         ========================================

1xN000:  =============================
         [Mesh] Expansion: 0 0 0 0 0 0
         =============================

1xN000:  ==========================================================================
          - pinning rule in use   : PINNING_RULE_MCALC_SKIP_ALL
          - desired group         : 0, sockets = 0
          - num cores available   : 12
          - num accessible procs          : 12
          - num logical procs             : 12
          - affinity (main thread)        : 111111111111
          - sockets                       : 0
          - potential cores               : 0,1,2,3,4,5,6,7,8,9,10,11
          - affinity                      : 111111111111
          - core list                  (3): 0,1,2,3,4,5,6,7,8,9,10,11
          - active cores          : 0,1,2,3,4,5,6,7,8,9,10,11
          - hyperthreading        : on
          - skip pinning: + allowed number of sockets = available number of sockets
                          + hyperthreading allowed by solver
         ==========================================================================

1xN000:  =========================================================================
         Version: 2023.5 Release from 2023-06-08 (change 1121531) [Release]
         Workflow: PBA matrix coefficients
         Operation: [fpba, meshfill, bg, port-path, tst, coeff, surface-imp]
         Architecture: Windows, ID: AMD64
         System Windows-64bit
         Using processor group 0/1
         Matrix calculation information:
         # of Nodes: 1
         Concurrency: 1
         Start ID: 0
         Node ID: 0
         HEX Mesh information:
         Hex mesh: global: [hxr o(0 | 0 | 0) s(19 | 19 | 39) np (no TSTs): 14079]
         =========================================================================

1xN000:  ------------------------------------------------------
         Memory status  on node "1xN000" for matrix calculation
         	Estimated memory consumption: 0.00262213 GB
         	Physical memory installed: 34.0167 GB
         	Available physical memory: 18.45 GB
         	Available relative memory: 54.238%s
         ------------------------------------------------------

1xN000:  >>>>>>>>>>>>>>>>>>>>>>>>>>>>>>>>>>>>>>>>>>>>>>>>>
         2024 Dec 03 (Tue):  13:14:32
         started: calculating matrix coefficients per node
         >>>>>>>>>>>>>>>>>>>>>>>>>>>>>>>>>>>>>>>>>>>>>>>>>

1xN000:  ===========================================================
         Matrix computation (PBA)
         	[Perfect Boundary Approximation (PBA), version: legacy]
         	[GPU acceleration: off (by user)]
         Version 2023.5 (build 20230608)
         PBA version 2009023010
         Sub-Workflow: FPBA-1xN-TST1-Node
         Workflow updated: -
         2024 Dec 03 (Tue):  13:14:32
         ===========================================================

1xN000:  FARM allocation scheme: BBM
1xN000:



1xN000:  ----------------------
         Acceleration mode: CPU
         ----------------------

1xN000:  Port homogenization method: FARM voxels copy
1xN000:  -------------------
         TST Statistics:
         E Split (0 | 0 | 0)
         E Adapt (0 | 0 | 0)
         B Split (0 | 0 | 0)
         B Adapt (0 | 0 | 0)
         -------------------

1xN000:  ----------------------------------------------------------------
         The following discrete edge port is connected to metal material:
         	1
         ----------------------------------------------------------------

1xN000:  ------------------------------------------------------------------------------
         PBA fill limit is applied in inverse mode.
         PBA fill limit is applied on faces filled with at least 99.00% metal material.
         --------------------------------------------------------------
         detailed accuracy settings:
         --------------------------------------------------------------
         augmented fill limit:       true
         augmented fill limit value: 99.00
         automatic fill limit:       true
         early fill limit:           true
         inverse fill limit:         true
         model complexity:           0.00
         legacy 2015:                false
         fixed point accuracy:       false
         minimum point accuracy:     0
         mesh step inheritance:      false
         accuracy mode:
         ------------------------------------------------------------------------------

1xN000:  =================================
         Finished matrix computation (PBA)
         =================================

1xN000:  <<<<<<<<<<<<<<<<<<<<<<<<<<<<<<<<<<<<<<<<<<<<<<<<<<<<<<<<<<<<
         2024 Dec 03 (Tue):  13:14:33
         Resource usage for calculating matrix coefficients per node:
         	Runtime                          00:00:00.00871
         	Peak Memory Estimation:                    3 MB
         	Peak Memory Usage:                        17 MB
         <<<<<<<<<<<<<<<<<<<<<<<<<<<<<<<<<<<<<<<<<<<<<<<<<<<<<<<<<<<<



<<<<<<<<<<<<<<<<<<<<<<<<<<<<<<<<<<<<<<<<<<<<<<<
2024 Dec 03 (Tue):  13:14:36
Resource usage for parallelization control:
	Runtime                      00:00:05.00631
<<<<<<<<<<<<<<<<<<<<<<<<<<<<<<<<<<<<<<<<<<<<<<<

------------------------------------------------------------------------------------------------------------------------------
PBAMeshFeedback - InfoMap: 0[ms] - SBCell navigation: Using legacy edges - CornerCorrectionLinesAndWires: 0[ms] - Write: 2[ms]
------------------------------------------------------------------------------------------------------------------------------

--------------------------------
# of staircase filled cells: 0
# of staircase filled areas: 0
# of staircase filled edges: 0
# of faces above fill limit: 0
# of edges with FPBA topology: 0
--------------------------------

